<?xml version="1.0" encoding="UTF-8"?>
<!-- Generated by org.testng.reporters.JUnitXMLReporter -->
<testsuite ignored="0" hostname="WINDOW" failures="3" tests="12" name="PIM Tests" time="207.431" errors="0" timestamp="2025-09-17T14:09:07 IST">
  <testcase classname="com.orangehrm.PIMTest" name="addEmployeeTest" time="20.361"/>
  <testcase classname="com.orangehrm.PIMTest" name="fillPersonalDetailsTest" time="12.235">
    <failure type="java.lang.AssertionError" message="Personal Details test failed">
      <![CDATA[java.lang.AssertionError: Personal Details test failed
at com.orangehrm.PIMTest.fillPersonalDetailsTest(PIMTest.java:154)
at java.base/java.util.ArrayList.forEach(ArrayList.java:1596)
... Removed 26 stack frames]]>
    </failure>
  </testcase> <!-- fillPersonalDetailsTest -->
  <testcase classname="com.orangehrm.PIMTest" name="contactDetailsTest" time="28.401"/>
  <testcase classname="com.orangehrm.PIMTest" name="emergencyContactsTest" time="14.697"/>
  <testcase classname="com.orangehrm.PIMTest" name="dependentsTest" time="10.564"/>
  <testcase classname="com.orangehrm.PIMTest" name="immigrationRecordsTest" time="10.694"/>
  <testcase classname="com.orangehrm.PIMTest" name="jobDetailsTest" time="11.91"/>
  <testcase classname="com.orangehrm.PIMTest" name="salaryComponentsTest" time="24.63"/>
  <testcase classname="com.orangehrm.PIMTest" name="supervisorsTest" time="11.211"/>
  <testcase classname="com.orangehrm.PIMTest" name="qualificationsTest" time="34.032">
    <failure type="java.lang.AssertionError" message="Qualifications test failed">
      <![CDATA[java.lang.AssertionError: Qualifications test failed
at com.orangehrm.PIMTest.qualificationsTest(PIMTest.java:723)
at java.base/java.util.ArrayList.forEach(ArrayList.java:1596)
... Removed 26 stack frames]]>
    </failure>
  </testcase> <!-- qualificationsTest -->
  <testcase classname="com.orangehrm.PIMTest" name="membershipsTest" time="2.224"/>
  <testcase classname="com.orangehrm.PIMTest" name="employeeListSearchTest" time="15.771">
    <failure type="java.lang.AssertionError" message="Employee &amp;apos;Divya Sri Surya&amp;apos; not found in Employee List">
      <![CDATA[java.lang.AssertionError: Employee 'Divya Sri Surya' not found in Employee List
at com.orangehrm.PIMTest.employeeListSearchTest(PIMTest.java:850)
at java.base/java.util.ArrayList.forEach(ArrayList.java:1596)
... Removed 26 stack frames]]>
    </failure>
  </testcase> <!-- employeeListSearchTest -->
</testsuite> <!-- PIM Tests -->
